{"numFailedTestSuites":0,"numFailedTests":0,"numPassedTestSuites":1,"numPassedTests":4,"numPendingTestSuites":0,"numPendingTests":0,"numRuntimeErrorTestSuites":0,"numTodoTests":0,"numTotalTestSuites":1,"numTotalTests":4,"openHandles":[],"snapshot":{"added":0,"didUpdate":false,"failure":false,"filesAdded":0,"filesRemoved":0,"filesRemovedList":[],"filesUnmatched":0,"filesUpdated":0,"matched":0,"total":0,"unchecked":0,"uncheckedKeysByFile":[],"unmatched":0,"updated":0},"startTime":1770873130625,"success":true,"testResults":[{"assertionResults":[{"ancestorTitles":["OkButton"],"duration":39,"failing":false,"failureDetails":[],"failureMessages":[],"fullName":"OkButton renders the button with text 'OK'","invocations":1,"location":null,"numPassingAsserts":1,"retryReasons":[],"startAt":1770873131645,"status":"passed","title":"renders the button with text 'OK'"},{"ancestorTitles":["OkButton"],"duration":3,"failing":false,"failureDetails":[],"failureMessages":[],"fullName":"OkButton renders as a contained variant button","invocations":1,"location":null,"numPassingAsserts":1,"retryReasons":[],"startAt":1770873131685,"status":"passed","title":"renders as a contained variant button"},{"ancestorTitles":["OkButton"],"duration":6,"failing":false,"failureDetails":[],"failureMessages":[],"fullName":"OkButton calls alert with 'ok' when clicked","invocations":1,"location":null,"numPassingAsserts":1,"retryReasons":[],"startAt":1770873131688,"status":"passed","title":"calls alert with 'ok' when clicked"},{"ancestorTitles":["OkButton"],"duration":3,"failing":false,"failureDetails":[],"failureMessages":[],"fullName":"OkButton calls alert each time the button is clicked","invocations":1,"location":null,"numPassingAsserts":1,"retryReasons":[],"startAt":1770873131694,"status":"passed","title":"calls alert each time the button is clicked"}],"endTime":1770873131698,"message":"","name":"/Users/thenuwara/THENU/project/my-react-router-app/app/components/OkButton.test.tsx","startTime":1770873131056,"status":"passed","summary":""}],"wasInterrupted":false,"coverageMap":{"/Users/thenuwara/THENU/project/my-react-router-app/app/components/OkButton.tsx":{"path":"/Users/thenuwara/THENU/project/my-react-router-app/app/components/OkButton.tsx","statementMap":{"0":{"start":{"line":5,"column":2},"end":{"line":9,"column":4}},"1":{"start":{"line":6,"column":47},"end":{"line":6,"column":58}}},"fnMap":{"0":{"name":"OkButton","decl":{"start":{"line":3,"column":9},"end":{"line":3,"column":17}},"loc":{"start":{"line":3,"column":20},"end":{"line":10,"column":1}},"line":3},"1":{"name":"(anonymous_1)","decl":{"start":{"line":6,"column":41},"end":{"line":6,"column":42}},"loc":{"start":{"line":6,"column":47},"end":{"line":6,"column":58}},"line":6}},"branchMap":{},"s":{"0":4,"1":4},"f":{"0":4,"1":4},"b":{},"_coverageSchema":"1a1c01bbd47fc00a2c39e90264f33305004495a9","hash":"37f3b897c9d62b61bc3d7d4a288036826623d1f1"}}}
